Base path: C:/Program Files (x86)/Unity/Editor/Data
Pipe name: \\.\pipe\UnityShaderCompiler-2-5436
Cmd: getPlatforms
Cmd: compileSnippet
  api=8 type=0 insize=1008 outsize=1438 kw= ok=1
Cmd: compileSnippet
  api=1 type=1 insize=1008 outsize=136 kw= ok=1
Cmd: compileSnippet
  api=1 type=0 insize=1007 outsize=132 kw= ok=1
Cmd: compileSnippet
  api=8 type=1 insize=1007 outsize=1219 kw= ok=1
Cmd: compileSnippet
  api=1 type=0 insize=1171 outsize=351 kw= ok=1
Cmd: compileSnippet
  api=1 type=1 insize=1171 outsize=254 kw= ok=1
Cmd: compileSnippet
  api=0 type=0 insize=10220 outsize=6331 kw=WATER_VERTEX_DISPLACEMENT_ON WATER_EDGEBLEND_ON WATER_SIMPLE ok=1
Cmd: compileSnippet
  api=4 type=0 insize=10220 outsize=5369 kw=WATER_VERTEX_DISPLACEMENT_ON WATER_EDGEBLEND_ON WATER_SIMPLE ok=1
Cmd: compileSnippet
  api=0 type=0 insize=10220 outsize=5477 kw=WATER_VERTEX_DISPLACEMENT_ON WATER_SIMPLE WATER_EDGEBLEND_OFF ok=1
Cmd: compileSnippet
  api=1 type=0 insize=10220 outsize=627 kw=WATER_EDGEBLEND_ON WATER_REFLECTIVE WATER_VERTEX_DISPLACEMENT_OFF ok=1
Cmd: compileSnippet
  api=0 type=0 insize=10220 outsize=4079 kw=WATER_EDGEBLEND_ON WATER_SIMPLE WATER_VERTEX_DISPLACEMENT_OFF ok=1
Cmd: compileSnippet
  api=0 type=0 insize=10220 outsize=3225 kw=WATER_SIMPLE WATER_EDGEBLEND_OFF WATER_VERTEX_DISPLACEMENT_OFF ok=1
Cmd: compileSnippet
  api=0 type=1 insize=10220 outsize=6 kw=WATER_VERTEX_DISPLACEMENT_ON WATER_EDGEBLEND_ON WATER_SIMPLE ok=1
Cmd: compileSnippet
  api=0 type=1 insize=10220 outsize=6 kw=WATER_VERTEX_DISPLACEMENT_ON WATER_REFLECTIVE WATER_EDGEBLEND_OFF ok=1
Cmd: compileSnippet
  api=1 type=1 insize=10220 outsize=1505 kw=WATER_VERTEX_DISPLACEMENT_ON WATER_REFLECTIVE WATER_EDGEBLEND_OFF ok=1
Cmd: compileSnippet
  api=0 type=1 insize=10220 outsize=6 kw=WATER_VERTEX_DISPLACEMENT_ON WATER_SIMPLE WATER_EDGEBLEND_OFF ok=1
Cmd: compileSnippet
  api=0 type=1 insize=10220 outsize=6 kw=WATER_EDGEBLEND_ON WATER_REFLECTIVE WATER_VERTEX_DISPLACEMENT_OFF ok=1
Cmd: compileSnippet
  api=1 type=1 insize=10220 outsize=1826 kw=WATER_EDGEBLEND_ON WATER_REFLECTIVE WATER_VERTEX_DISPLACEMENT_OFF ok=1
Cmd: compileSnippet
  api=0 type=1 insize=10220 outsize=6 kw=WATER_EDGEBLEND_ON WATER_SIMPLE WATER_VERTEX_DISPLACEMENT_OFF ok=1
Cmd: compileSnippet
  api=1 type=1 insize=10220 outsize=1728 kw=WATER_EDGEBLEND_ON WATER_SIMPLE WATER_VERTEX_DISPLACEMENT_OFF ok=1
Cmd: compileSnippet
  api=0 type=1 insize=10220 outsize=6 kw=WATER_SIMPLE WATER_EDGEBLEND_OFF WATER_VERTEX_DISPLACEMENT_OFF ok=1
Cmd: compileSnippet
  api=1 type=1 insize=10220 outsize=1414 kw=WATER_SIMPLE WATER_EDGEBLEND_OFF WATER_VERTEX_DISPLACEMENT_OFF ok=1
Cmd: compileSnippet
  api=1 type=0 insize=10224 outsize=2463 kw=WATER_VERTEX_DISPLACEMENT_ON WATER_EDGEBLEND_ON WATER_SIMPLE ok=1
Cmd: compileSnippet
  api=4 type=0 insize=10224 outsize=4979 kw=WATER_VERTEX_DISPLACEMENT_ON WATER_EDGEBLEND_ON WATER_SIMPLE ok=1
Cmd: compileSnippet
  api=0 type=0 insize=10224 outsize=4628 kw=WATER_VERTEX_DISPLACEMENT_ON WATER_SIMPLE WATER_EDGEBLEND_OFF ok=1
Cmd: compileSnippet
  api=0 type=0 insize=10224 outsize=2700 kw=WATER_EDGEBLEND_ON WATER_SIMPLE WATER_VERTEX_DISPLACEMENT_OFF ok=1
Cmd: compileSnippet
  api=4 type=0 insize=10224 outsize=2330 kw=WATER_REFLECTIVE WATER_EDGEBLEND_OFF WATER_VERTEX_DISPLACEMENT_OFF ok=1
Cmd: compileSnippet
  api=4 type=0 insize=10224 outsize=2330 kw=WATER_SIMPLE WATER_EDGEBLEND_OFF WATER_VERTEX_DISPLACEMENT_OFF ok=1
Cmd: compileSnippet
  api=1 type=1 insize=10224 outsize=1339 kw=WATER_VERTEX_DISPLACEMENT_ON WATER_EDGEBLEND_ON WATER_REFLECTIVE ok=1
Cmd: compileSnippet
  api=4 type=1 insize=10224 outsize=3907 kw=WATER_VERTEX_DISPLACEMENT_ON WATER_REFLECTIVE WATER_EDGEBLEND_OFF ok=1
Cmd: compileSnippet
  api=0 type=1 insize=10224 outsize=6 kw=WATER_EDGEBLEND_ON WATER_SIMPLE WATER_VERTEX_DISPLACEMENT_OFF ok=1
Cmd: compileSnippet
  api=4 type=1 insize=10224 outsize=3907 kw=WATER_EDGEBLEND_ON WATER_SIMPLE WATER_VERTEX_DISPLACEMENT_OFF ok=1
Cmd: compileSnippet
  api=4 type=1 insize=10224 outsize=3305 kw=WATER_SIMPLE WATER_EDGEBLEND_OFF WATER_VERTEX_DISPLACEMENT_OFF ok=1
Cmd: compileSnippet
  api=8 type=0 insize=9966 outsize=2730 kw= ok=1
Cmd: compileSnippet
  api=8 type=1 insize=9966 outsize=4583 kw= ok=1
Cmd: compileSnippet
  api=8 type=0 insize=3253 outsize=2023 kw= ok=1
Cmd: compileSnippet
  api=1 type=0 insize=3251 outsize=335 kw= ok=1
Cmd: compileSnippet
  api=8 type=1 insize=3251 outsize=1325 kw= ok=1
Cmd: compileSnippet
  api=8 type=0 insize=3267 outsize=2462 kw= ok=1
Cmd: compileSnippet
  api=1 type=1 insize=3267 outsize=239 kw= ok=1
Cmd: compileSnippet
  api=8 type=0 insize=3259 outsize=2023 kw= ok=1
Cmd: compileSnippet
  api=1 type=0 insize=3259 outsize=335 kw= ok=1
Cmd: compileSnippet
  api=1 type=1 insize=3259 outsize=208 kw= ok=1
Cmd: compileSnippet
  api=1 type=0 insize=3256 outsize=335 kw= ok=1
Cmd: compileSnippet
  api=1 type=1 insize=3256 outsize=120 kw= ok=1
Cmd: compileSnippet
  api=8 type=0 insize=3268 outsize=2462 kw= ok=1
Cmd: compileSnippet
  api=8 type=1 insize=3268 outsize=1942 kw= ok=1
Cmd: compileSnippet
  api=8 type=0 insize=3261 outsize=2023 kw= ok=1
Cmd: compileSnippet
  api=8 type=1 insize=3261 outsize=1105 kw= ok=1
Cmd: compileSnippet
  api=1 type=1 insize=3254 outsize=66 kw= ok=1
Cmd: compileSnippet
  api=1 type=1 insize=3258 outsize=79 kw= ok=1
Cmd: compileSnippet
  api=1 type=0 insize=3253 outsize=335 kw= ok=1
Cmd: compileSnippet
  api=8 type=1 insize=3253 outsize=886 kw= ok=1
Cmd: compileSnippet
  api=1 type=1 insize=19335 outsize=325 kw= ok=1
Cmd: compileSnippet
  api=1 type=0 insize=19325 outsize=318 kw= ok=1
Cmd: compileSnippet
  api=1 type=1 insize=19325 outsize=66 kw= ok=1
Cmd: compileSnippet
  api=1 type=0 insize=19341 outsize=318 kw= ok=1
Cmd: compileSnippet
  api=1 type=0 insize=19328 outsize=318 kw= ok=1
Cmd: compileSnippet
  api=1 type=0 insize=19339 outsize=318 kw= ok=1
Cmd: compileSnippet
  api=1 type=0 insize=19335 outsize=318 kw= ok=1
Cmd: compileSnippet
  api=1 type=0 insize=19333 outsize=318 kw= ok=1
Cmd: compileSnippet
  api=1 type=1 insize=19342 outsize=3693 kw= ok=1
Cmd: compileSnippet
  api=1 type=0 insize=19329 outsize=318 kw= ok=1
Cmd: compileSnippet
  api=1 type=0 insize=19334 outsize=318 kw= ok=1
Cmd: compileSnippet
  api=1 type=0 insize=19327 outsize=318 kw= ok=1
Cmd: compileSnippet
  api=1 type=0 insize=19335 outsize=318 kw= ok=1
Cmd: compileSnippet
  api=1 type=0 insize=19343 outsize=318 kw= ok=1
Cmd: compileSnippet
  api=1 type=0 insize=19353 outsize=595 kw= ok=1
Cmd: compileSnippet
  api=1 type=0 insize=19331 outsize=318 kw= ok=1
Cmd: compileSnippet
  api=1 type=1 insize=19333 outsize=750 kw= ok=1
Cmd: compileSnippet
  api=8 type=0 insize=4698 outsize=1438 kw= ok=1
Cmd: compileSnippet
  api=8 type=1 insize=4698 outsize=1219 kw= ok=1
Cmd: compileSnippet
  api=1 type=0 insize=4703 outsize=364 kw= ok=1
Cmd: compileSnippet
  api=8 type=1 insize=4703 outsize=2608 kw= ok=1
Cmd: compileSnippet
  api=1 type=0 insize=4708 outsize=363 kw= ok=1
Cmd: compileSnippet
  api=1 type=0 insize=4714 outsize=452 kw= ok=1
Cmd: compileSnippet
  api=8 type=1 insize=4714 outsize=3600 kw= ok=1
